<?xml version="1.0" encoding="UTF-8"?>
<!-- Generated by org.testng.reporters.JUnitReportReporter -->
<testsuite hostname="DESKTOP-PEVDDP8" failures="0" tests="3" name="RestAssured.Automation.APITest" time="6.448" errors="0" timestamp="2024-02-11T16:41:14 IST" skipped="0">
  <testcase classname="RestAssured.Automation.APITest" name="getRandomEmail_Users" time="2.123"/>
  <testcase classname="RestAssured.Automation.APITest" name="getUsers_PostID" time="1.475"/>
  <testcase classname="RestAssured.Automation.APITest" name="create_Postrequest" time="2.850"/>
</testsuite> <!-- RestAssured.Automation.APITest -->
